This file contains any messages produced by compilers while
running configure, to aid debugging if configure makes a mistake.

It was created by beanstalkd configure 1.0, which was
generated by GNU Autoconf 2.69.  Invocation command line was

  $ ./configure 

## --------- ##
## Platform. ##
## --------- ##

hostname = Cx-201403282213
uname -m = x86_64
uname -r = 1.7.34(0.285/5/3)
uname -s = CYGWIN_NT-6.3
uname -v = 2015-02-04 12:14

/usr/bin/uname -p = unknown
/bin/uname -X     = unknown

/bin/arch              = x86_64
/usr/bin/arch -k       = unknown
/usr/convex/getsysinfo = unknown
/usr/bin/hostinfo      = unknown
/bin/machine           = unknown
/usr/bin/oslevel       = unknown
/bin/universe          = unknown

PATH: /usr/local/bin
PATH: /usr/bin
PATH: /cygdrive/c/Windows/system32
PATH: /cygdrive/c/Windows
PATH: /cygdrive/c/Windows/System32/Wbem
PATH: /cygdrive/c/Program Files (x86)/Lua/5.1
PATH: /cygdrive/c/Program Files (x86)/Lua/5.1/clibs
PATH: /cygdrive/d/Program Files/nodejs
PATH: /usr/local/bin
PATH: /usr/bin
PATH: /bin
PATH: /usr/sbin
PATH: /usr/lib/gcc/x86_64-pc-cygwin/4.9.2
PATH: /
PATH: /usr/bin
PATH: /cygdrive/c/Program Files (x86)/SSH Communications Security/SSH Secure Shell
PATH: /cygdrive/c/python27
PATH: /cygdrive/c/python27/Scripts
PATH: /cygdrive/c/Program Files (x86)/CMake 2.6/bin
PATH: /cygdrive/c/Users/Administrator/AppData/Roaming/npm


## ----------- ##
## Core tests. ##
## ----------- ##

configure:2368: checking for a BSD-compatible install
configure:2436: result: /usr/bin/install -c
configure:2447: checking whether build environment is sane
configure:2502: result: yes
configure:2540: WARNING: 'missing' script is too old or missing
configure:2653: checking for a thread-safe mkdir -p
configure:2692: result: /usr/bin/mkdir -p
configure:2699: checking for gawk
configure:2715: found /usr/bin/gawk
configure:2726: result: gawk
configure:2737: checking whether make sets $(MAKE)
configure:2759: result: yes
configure:2788: checking whether make supports nested variables
configure:2805: result: yes
configure:2980: checking for gcc
configure:2996: found /usr/bin/gcc
configure:3007: result: gcc
configure:3236: checking for C compiler version
configure:3245: gcc --version >&5
gcc (GCC) 4.9.2
Copyright (C) 2014 Free Software Foundation, Inc.
This is free software; see the source for copying conditions.  There is NO
warranty; not even for MERCHANTABILITY or FITNESS FOR A PARTICULAR PURPOSE.

configure:3256: $? = 0
configure:3245: gcc -v >&5
Using built-in specs.
COLLECT_GCC=gcc
COLLECT_LTO_WRAPPER=/usr/lib/gcc/x86_64-pc-cygwin/4.9.2/lto-wrapper.exe
Target: x86_64-pc-cygwin
Configured with: /usr/src/gcc-4.9.2-2.src/gcc-4.9.2-3.x86_64/src/gcc-4.9.2/configure --srcdir=/usr/src/gcc-4.9.2-2.src/gcc-4.9.2-3.x86_64/src/gcc-4.9.2 --prefix=/usr --exec-prefix=/usr --localstatedir=/var --sysconfdir=/etc --docdir=/usr/share/doc/gcc --htmldir=/usr/share/doc/gcc/html -C --build=x86_64-pc-cygwin --host=x86_64-pc-cygwin --target=x86_64-pc-cygwin --without-libiconv-prefix --without-libintl-prefix --libexecdir=/usr/lib --enable-shared --enable-shared-libgcc --enable-static --enable-version-specific-runtime-libs --enable-bootstrap --enable-__cxa_atexit --with-dwarf2 --with-tune=generic --enable-languages=ada,c,c++,fortran,lto,objc,obj-c++ --enable-graphite --enable-threads=posix --enable-libatomic --enable-libgomp --disable-libitm --enable-libquadmath --enable-libquadmath-support --enable-libssp --enable-libada --enable-libgcj-sublibs --disable-java-awt --disable-symvers --with-ecj-jar=/usr/share/java/ecj.jar --with-gnu-ld --with-gnu-as --with-cloog-include=/usr/include/cloog-isl --without-libiconv-prefix --without-libintl-prefix --with-system-zlib --enable-linker-build-id
Thread model: posix
gcc version 4.9.2 (GCC) 
configure:3256: $? = 0
configure:3245: gcc -V >&5
gcc: error: unrecognized command line option '-V'
gcc: fatal error: no input files
compilation terminated.
configure:3256: $? = 1
configure:3245: gcc -qversion >&5
gcc: error: unrecognized command line option '-qversion'
gcc: fatal error: no input files
compilation terminated.
configure:3256: $? = 1
configure:3276: checking whether the C compiler works
configure:3298: gcc    conftest.c  >&5
configure:3302: $? = 0
configure:3350: result: yes
configure:3353: checking for C compiler default output file name
configure:3355: result: a.exe
configure:3361: checking for suffix of executables
configure:3368: gcc -o conftest.exe    conftest.c  >&5
configure:3372: $? = 0
configure:3394: result: .exe
configure:3416: checking whether we are cross compiling
configure:3424: gcc -o conftest.exe    conftest.c  >&5
configure:3428: $? = 0
configure:3435: ./conftest.exe
configure:3439: $? = 0
configure:3454: result: no
configure:3459: checking for suffix of object files
configure:3481: gcc -c   conftest.c >&5
configure:3485: $? = 0
configure:3506: result: o
configure:3510: checking whether we are using the GNU C compiler
configure:3529: gcc -c   conftest.c >&5
configure:3529: $? = 0
configure:3538: result: yes
configure:3547: checking whether gcc accepts -g
configure:3567: gcc -c -g  conftest.c >&5
configure:3567: $? = 0
configure:3608: result: yes
configure:3625: checking for gcc option to accept ISO C89
configure:3688: gcc  -c -g -O2  conftest.c >&5
configure:3688: $? = 0
configure:3701: result: none needed
configure:3726: checking whether gcc understands -c and -o together
configure:3748: gcc -c conftest.c -o conftest2.o
configure:3751: $? = 0
configure:3748: gcc -c conftest.c -o conftest2.o
configure:3751: $? = 0
configure:3763: result: yes
configure:3791: checking for style of include used by make
configure:3819: result: GNU
configure:3845: checking dependency style of gcc
configure:3956: result: none
configure:3982: checking how to run the C preprocessor
configure:4013: gcc -E  conftest.c
configure:4013: $? = 0
configure:4027: gcc -E  conftest.c
conftest.c:11:28: fatal error: ac_nonexistent.h: No such file or directory
 #include <ac_nonexistent.h>
                            ^
compilation terminated.
configure:4027: $? = 1
configure: failed program was:
| /* confdefs.h */
| #define PACKAGE_NAME "beanstalkd"
| #define PACKAGE_TARNAME "beanstalkd"
| #define PACKAGE_VERSION "1.0"
| #define PACKAGE_STRING "beanstalkd 1.0"
| #define PACKAGE_BUGREPORT ""
| #define PACKAGE_URL ""
| #define PACKAGE "beanstalkd"
| #define VERSION "1.0"
| /* end confdefs.h.  */
| #include <ac_nonexistent.h>
configure:4052: result: gcc -E
configure:4072: gcc -E  conftest.c
configure:4072: $? = 0
configure:4086: gcc -E  conftest.c
conftest.c:11:28: fatal error: ac_nonexistent.h: No such file or directory
 #include <ac_nonexistent.h>
                            ^
compilation terminated.
configure:4086: $? = 1
configure: failed program was:
| /* confdefs.h */
| #define PACKAGE_NAME "beanstalkd"
| #define PACKAGE_TARNAME "beanstalkd"
| #define PACKAGE_VERSION "1.0"
| #define PACKAGE_STRING "beanstalkd 1.0"
| #define PACKAGE_BUGREPORT ""
| #define PACKAGE_URL ""
| #define PACKAGE "beanstalkd"
| #define VERSION "1.0"
| /* end confdefs.h.  */
| #include <ac_nonexistent.h>
configure:4115: checking for grep that handles long lines and -e
configure:4173: result: /usr/bin/grep
configure:4178: checking for egrep
configure:4240: result: /usr/bin/grep -E
configure:4245: checking for ANSI C header files
configure:4265: gcc -c -g -O2  conftest.c >&5
configure:4265: $? = 0
configure:4338: gcc -o conftest.exe -g -O2   conftest.c  >&5
configure:4338: $? = 0
configure:4338: ./conftest.exe
configure:4338: $? = 0
configure:4349: result: yes
configure:4362: checking for sys/types.h
configure:4362: gcc -c -g -O2  conftest.c >&5
configure:4362: $? = 0
configure:4362: result: yes
configure:4362: checking for sys/stat.h
configure:4362: gcc -c -g -O2  conftest.c >&5
configure:4362: $? = 0
configure:4362: result: yes
configure:4362: checking for stdlib.h
configure:4362: gcc -c -g -O2  conftest.c >&5
configure:4362: $? = 0
configure:4362: result: yes
configure:4362: checking for string.h
configure:4362: gcc -c -g -O2  conftest.c >&5
configure:4362: $? = 0
configure:4362: result: yes
configure:4362: checking for memory.h
configure:4362: gcc -c -g -O2  conftest.c >&5
configure:4362: $? = 0
configure:4362: result: yes
configure:4362: checking for strings.h
configure:4362: gcc -c -g -O2  conftest.c >&5
configure:4362: $? = 0
configure:4362: result: yes
configure:4362: checking for inttypes.h
configure:4362: gcc -c -g -O2  conftest.c >&5
configure:4362: $? = 0
configure:4362: result: yes
configure:4362: checking for stdint.h
configure:4362: gcc -c -g -O2  conftest.c >&5
configure:4362: $? = 0
configure:4362: result: yes
configure:4362: checking for unistd.h
configure:4362: gcc -c -g -O2  conftest.c >&5
configure:4362: $? = 0
configure:4362: result: yes
configure:4377: checking arpa/inet.h usability
configure:4377: gcc -c -g -O2  conftest.c >&5
configure:4377: $? = 0
configure:4377: result: yes
configure:4377: checking arpa/inet.h presence
configure:4377: gcc -E  conftest.c
configure:4377: $? = 0
configure:4377: result: yes
configure:4377: checking for arpa/inet.h
configure:4377: result: yes
configure:4377: checking fcntl.h usability
configure:4377: gcc -c -g -O2  conftest.c >&5
configure:4377: $? = 0
configure:4377: result: yes
configure:4377: checking fcntl.h presence
configure:4377: gcc -E  conftest.c
configure:4377: $? = 0
configure:4377: result: yes
configure:4377: checking for fcntl.h
configure:4377: result: yes
configure:4377: checking for inttypes.h
configure:4377: result: yes
configure:4377: checking limits.h usability
configure:4377: gcc -c -g -O2  conftest.c >&5
configure:4377: $? = 0
configure:4377: result: yes
configure:4377: checking limits.h presence
configure:4377: gcc -E  conftest.c
configure:4377: $? = 0
configure:4377: result: yes
configure:4377: checking for limits.h
configure:4377: result: yes
configure:4377: checking netdb.h usability
configure:4377: gcc -c -g -O2  conftest.c >&5
configure:4377: $? = 0
configure:4377: result: yes
configure:4377: checking netdb.h presence
configure:4377: gcc -E  conftest.c
configure:4377: $? = 0
configure:4377: result: yes
configure:4377: checking for netdb.h
configure:4377: result: yes
configure:4377: checking netinet/in.h usability
configure:4377: gcc -c -g -O2  conftest.c >&5
configure:4377: $? = 0
configure:4377: result: yes
configure:4377: checking netinet/in.h presence
configure:4377: gcc -E  conftest.c
configure:4377: $? = 0
configure:4377: result: yes
configure:4377: checking for netinet/in.h
configure:4377: result: yes
configure:4377: checking stddef.h usability
configure:4377: gcc -c -g -O2  conftest.c >&5
configure:4377: $? = 0
configure:4377: result: yes
configure:4377: checking stddef.h presence
configure:4377: gcc -E  conftest.c
configure:4377: $? = 0
configure:4377: result: yes
configure:4377: checking for stddef.h
configure:4377: result: yes
configure:4377: checking for stdint.h
configure:4377: result: yes
configure:4377: checking for stdlib.h
configure:4377: result: yes
configure:4377: checking for string.h
configure:4377: result: yes
configure:4377: checking sys/ usability
configure:4377: gcc -c -g -O2  conftest.c >&5
conftest.c:64:16: fatal error: sys/: No such file or directory
 #include <sys/>
                ^
compilation terminated.
configure:4377: $? = 1
configure: failed program was:
| /* confdefs.h */
| #define PACKAGE_NAME "beanstalkd"
| #define PACKAGE_TARNAME "beanstalkd"
| #define PACKAGE_VERSION "1.0"
| #define PACKAGE_STRING "beanstalkd 1.0"
| #define PACKAGE_BUGREPORT ""
| #define PACKAGE_URL ""
| #define PACKAGE "beanstalkd"
| #define VERSION "1.0"
| #define STDC_HEADERS 1
| #define HAVE_SYS_TYPES_H 1
| #define HAVE_SYS_STAT_H 1
| #define HAVE_STDLIB_H 1
| #define HAVE_STRING_H 1
| #define HAVE_MEMORY_H 1
| #define HAVE_STRINGS_H 1
| #define HAVE_INTTYPES_H 1
| #define HAVE_STDINT_H 1
| #define HAVE_UNISTD_H 1
| #define HAVE_ARPA_INET_H 1
| #define HAVE_FCNTL_H 1
| #define HAVE_INTTYPES_H 1
| #define HAVE_LIMITS_H 1
| #define HAVE_NETDB_H 1
| #define HAVE_NETINET_IN_H 1
| #define HAVE_STDDEF_H 1
| #define HAVE_STDINT_H 1
| #define HAVE_STDLIB_H 1
| #define HAVE_STRING_H 1
| /* end confdefs.h.  */
| #include <stdio.h>
| #ifdef HAVE_SYS_TYPES_H
| # include <sys/types.h>
| #endif
| #ifdef HAVE_SYS_STAT_H
| # include <sys/stat.h>
| #endif
| #ifdef STDC_HEADERS
| # include <stdlib.h>
| # include <stddef.h>
| #else
| # ifdef HAVE_STDLIB_H
| #  include <stdlib.h>
| # endif
| #endif
| #ifdef HAVE_STRING_H
| # if !defined STDC_HEADERS && defined HAVE_MEMORY_H
| #  include <memory.h>
| # endif
| # include <string.h>
| #endif
| #ifdef HAVE_STRINGS_H
| # include <strings.h>
| #endif
| #ifdef HAVE_INTTYPES_H
| # include <inttypes.h>
| #endif
| #ifdef HAVE_STDINT_H
| # include <stdint.h>
| #endif
| #ifdef HAVE_UNISTD_H
| # include <unistd.h>
| #endif
| #include <sys/>
configure:4377: result: no
configure:4377: checking sys/ presence
configure:4377: gcc -E  conftest.c
conftest.c:31:16: fatal error: sys/: No such file or directory
 #include <sys/>
                ^
compilation terminated.
configure:4377: $? = 1
configure: failed program was:
| /* confdefs.h */
| #define PACKAGE_NAME "beanstalkd"
| #define PACKAGE_TARNAME "beanstalkd"
| #define PACKAGE_VERSION "1.0"
| #define PACKAGE_STRING "beanstalkd 1.0"
| #define PACKAGE_BUGREPORT ""
| #define PACKAGE_URL ""
| #define PACKAGE "beanstalkd"
| #define VERSION "1.0"
| #define STDC_HEADERS 1
| #define HAVE_SYS_TYPES_H 1
| #define HAVE_SYS_STAT_H 1
| #define HAVE_STDLIB_H 1
| #define HAVE_STRING_H 1
| #define HAVE_MEMORY_H 1
| #define HAVE_STRINGS_H 1
| #define HAVE_INTTYPES_H 1
| #define HAVE_STDINT_H 1
| #define HAVE_UNISTD_H 1
| #define HAVE_ARPA_INET_H 1
| #define HAVE_FCNTL_H 1
| #define HAVE_INTTYPES_H 1
| #define HAVE_LIMITS_H 1
| #define HAVE_NETDB_H 1
| #define HAVE_NETINET_IN_H 1
| #define HAVE_STDDEF_H 1
| #define HAVE_STDINT_H 1
| #define HAVE_STDLIB_H 1
| #define HAVE_STRING_H 1
| /* end confdefs.h.  */
| #include <sys/>
configure:4377: result: no
configure:4377: checking for sys/
configure:4377: result: no
configure:4377: checking sys/socket.h usability
configure:4377: gcc -c -g -O2  conftest.c >&5
configure:4377: $? = 0
configure:4377: result: yes
configure:4377: checking sys/socket.h presence
configure:4377: gcc -E  conftest.c
configure:4377: $? = 0
configure:4377: result: yes
configure:4377: checking for sys/socket.h
configure:4377: result: yes
configure:4377: checking sys/time.h usability
configure:4377: gcc -c -g -O2  conftest.c >&5
configure:4377: $? = 0
configure:4377: result: yes
configure:4377: checking sys/time.h presence
configure:4377: gcc -E  conftest.c
configure:4377: $? = 0
configure:4377: result: yes
configure:4377: checking for sys/time.h
configure:4377: result: yes
configure:4377: checking for unistd.h
configure:4377: result: yes
configure:4389: checking for stdbool.h that conforms to C99
configure:4456: gcc -c -g -O2  conftest.c >&5
configure:4456: $? = 0
configure:4463: result: yes
configure:4465: checking for _Bool
configure:4465: gcc -c -g -O2  conftest.c >&5
configure:4465: $? = 0
configure:4465: gcc -c -g -O2  conftest.c >&5
conftest.c: In function 'main':
conftest.c:70:20: error: expected expression before ')' token
 if (sizeof ((_Bool)))
                    ^
configure:4465: $? = 1
configure: failed program was:
| /* confdefs.h */
| #define PACKAGE_NAME "beanstalkd"
| #define PACKAGE_TARNAME "beanstalkd"
| #define PACKAGE_VERSION "1.0"
| #define PACKAGE_STRING "beanstalkd 1.0"
| #define PACKAGE_BUGREPORT ""
| #define PACKAGE_URL ""
| #define PACKAGE "beanstalkd"
| #define VERSION "1.0"
| #define STDC_HEADERS 1
| #define HAVE_SYS_TYPES_H 1
| #define HAVE_SYS_STAT_H 1
| #define HAVE_STDLIB_H 1
| #define HAVE_STRING_H 1
| #define HAVE_MEMORY_H 1
| #define HAVE_STRINGS_H 1
| #define HAVE_INTTYPES_H 1
| #define HAVE_STDINT_H 1
| #define HAVE_UNISTD_H 1
| #define HAVE_ARPA_INET_H 1
| #define HAVE_FCNTL_H 1
| #define HAVE_INTTYPES_H 1
| #define HAVE_LIMITS_H 1
| #define HAVE_NETDB_H 1
| #define HAVE_NETINET_IN_H 1
| #define HAVE_STDDEF_H 1
| #define HAVE_STDINT_H 1
| #define HAVE_STDLIB_H 1
| #define HAVE_STRING_H 1
| #define HAVE_SYS_SOCKET_H 1
| #define HAVE_SYS_TIME_H 1
| #define HAVE_UNISTD_H 1
| /* end confdefs.h.  */
| #include <stdio.h>
| #ifdef HAVE_SYS_TYPES_H
| # include <sys/types.h>
| #endif
| #ifdef HAVE_SYS_STAT_H
| # include <sys/stat.h>
| #endif
| #ifdef STDC_HEADERS
| # include <stdlib.h>
| # include <stddef.h>
| #else
| # ifdef HAVE_STDLIB_H
| #  include <stdlib.h>
| # endif
| #endif
| #ifdef HAVE_STRING_H
| # if !defined STDC_HEADERS && defined HAVE_MEMORY_H
| #  include <memory.h>
| # endif
| # include <string.h>
| #endif
| #ifdef HAVE_STRINGS_H
| # include <strings.h>
| #endif
| #ifdef HAVE_INTTYPES_H
| # include <inttypes.h>
| #endif
| #ifdef HAVE_STDINT_H
| # include <stdint.h>
| #endif
| #ifdef HAVE_UNISTD_H
| # include <unistd.h>
| #endif
| int
| main ()
| {
| if (sizeof ((_Bool)))
| 	    return 0;
|   ;
|   return 0;
| }
configure:4465: result: yes
configure:4476: checking for int32_t
configure:4476: gcc -c -g -O2  conftest.c >&5
configure:4476: $? = 0
configure:4476: gcc -c -g -O2  conftest.c >&5
conftest.c: In function 'main':
conftest.c:73:53: warning: integer overflow in expression [-Woverflow]
    < (int32_t) (((((int32_t) 1 << N) << N) - 1) * 2 + 2))];
                                                     ^
conftest.c:72:12: error: storage size of 'test_array' isn't constant
 static int test_array [1 - 2 * !((int32_t) (((((int32_t) 1 << N) << N) - 1) * 2 + 1)
            ^
configure:4476: $? = 1
configure: failed program was:
| /* confdefs.h */
| #define PACKAGE_NAME "beanstalkd"
| #define PACKAGE_TARNAME "beanstalkd"
| #define PACKAGE_VERSION "1.0"
| #define PACKAGE_STRING "beanstalkd 1.0"
| #define PACKAGE_BUGREPORT ""
| #define PACKAGE_URL ""
| #define PACKAGE "beanstalkd"
| #define VERSION "1.0"
| #define STDC_HEADERS 1
| #define HAVE_SYS_TYPES_H 1
| #define HAVE_SYS_STAT_H 1
| #define HAVE_STDLIB_H 1
| #define HAVE_STRING_H 1
| #define HAVE_MEMORY_H 1
| #define HAVE_STRINGS_H 1
| #define HAVE_INTTYPES_H 1
| #define HAVE_STDINT_H 1
| #define HAVE_UNISTD_H 1
| #define HAVE_ARPA_INET_H 1
| #define HAVE_FCNTL_H 1
| #define HAVE_INTTYPES_H 1
| #define HAVE_LIMITS_H 1
| #define HAVE_NETDB_H 1
| #define HAVE_NETINET_IN_H 1
| #define HAVE_STDDEF_H 1
| #define HAVE_STDINT_H 1
| #define HAVE_STDLIB_H 1
| #define HAVE_STRING_H 1
| #define HAVE_SYS_SOCKET_H 1
| #define HAVE_SYS_TIME_H 1
| #define HAVE_UNISTD_H 1
| #define HAVE__BOOL 1
| /* end confdefs.h.  */
| #include <stdio.h>
| #ifdef HAVE_SYS_TYPES_H
| # include <sys/types.h>
| #endif
| #ifdef HAVE_SYS_STAT_H
| # include <sys/stat.h>
| #endif
| #ifdef STDC_HEADERS
| # include <stdlib.h>
| # include <stddef.h>
| #else
| # ifdef HAVE_STDLIB_H
| #  include <stdlib.h>
| # endif
| #endif
| #ifdef HAVE_STRING_H
| # if !defined STDC_HEADERS && defined HAVE_MEMORY_H
| #  include <memory.h>
| # endif
| # include <string.h>
| #endif
| #ifdef HAVE_STRINGS_H
| # include <strings.h>
| #endif
| #ifdef HAVE_INTTYPES_H
| # include <inttypes.h>
| #endif
| #ifdef HAVE_STDINT_H
| # include <stdint.h>
| #endif
| #ifdef HAVE_UNISTD_H
| # include <unistd.h>
| #endif
| 	        enum { N = 32 / 2 - 1 };
| int
| main ()
| {
| static int test_array [1 - 2 * !((int32_t) (((((int32_t) 1 << N) << N) - 1) * 2 + 1)
| 		 < (int32_t) (((((int32_t) 1 << N) << N) - 1) * 2 + 2))];
| test_array [0] = 0;
| return test_array [0];
| 
|   ;
|   return 0;
| }
configure:4476: result: yes
configure:4487: checking for int64_t
configure:4487: gcc -c -g -O2  conftest.c >&5
configure:4487: $? = 0
configure:4487: gcc -c -g -O2  conftest.c >&5
conftest.c: In function 'main':
conftest.c:73:53: warning: integer overflow in expression [-Woverflow]
    < (int64_t) (((((int64_t) 1 << N) << N) - 1) * 2 + 2))];
                                                     ^
conftest.c:72:12: error: storage size of 'test_array' isn't constant
 static int test_array [1 - 2 * !((int64_t) (((((int64_t) 1 << N) << N) - 1) * 2 + 1)
            ^
configure:4487: $? = 1
configure: failed program was:
| /* confdefs.h */
| #define PACKAGE_NAME "beanstalkd"
| #define PACKAGE_TARNAME "beanstalkd"
| #define PACKAGE_VERSION "1.0"
| #define PACKAGE_STRING "beanstalkd 1.0"
| #define PACKAGE_BUGREPORT ""
| #define PACKAGE_URL ""
| #define PACKAGE "beanstalkd"
| #define VERSION "1.0"
| #define STDC_HEADERS 1
| #define HAVE_SYS_TYPES_H 1
| #define HAVE_SYS_STAT_H 1
| #define HAVE_STDLIB_H 1
| #define HAVE_STRING_H 1
| #define HAVE_MEMORY_H 1
| #define HAVE_STRINGS_H 1
| #define HAVE_INTTYPES_H 1
| #define HAVE_STDINT_H 1
| #define HAVE_UNISTD_H 1
| #define HAVE_ARPA_INET_H 1
| #define HAVE_FCNTL_H 1
| #define HAVE_INTTYPES_H 1
| #define HAVE_LIMITS_H 1
| #define HAVE_NETDB_H 1
| #define HAVE_NETINET_IN_H 1
| #define HAVE_STDDEF_H 1
| #define HAVE_STDINT_H 1
| #define HAVE_STDLIB_H 1
| #define HAVE_STRING_H 1
| #define HAVE_SYS_SOCKET_H 1
| #define HAVE_SYS_TIME_H 1
| #define HAVE_UNISTD_H 1
| #define HAVE__BOOL 1
| /* end confdefs.h.  */
| #include <stdio.h>
| #ifdef HAVE_SYS_TYPES_H
| # include <sys/types.h>
| #endif
| #ifdef HAVE_SYS_STAT_H
| # include <sys/stat.h>
| #endif
| #ifdef STDC_HEADERS
| # include <stdlib.h>
| # include <stddef.h>
| #else
| # ifdef HAVE_STDLIB_H
| #  include <stdlib.h>
| # endif
| #endif
| #ifdef HAVE_STRING_H
| # if !defined STDC_HEADERS && defined HAVE_MEMORY_H
| #  include <memory.h>
| # endif
| # include <string.h>
| #endif
| #ifdef HAVE_STRINGS_H
| # include <strings.h>
| #endif
| #ifdef HAVE_INTTYPES_H
| # include <inttypes.h>
| #endif
| #ifdef HAVE_STDINT_H
| # include <stdint.h>
| #endif
| #ifdef HAVE_UNISTD_H
| # include <unistd.h>
| #endif
| 	        enum { N = 64 / 2 - 1 };
| int
| main ()
| {
| static int test_array [1 - 2 * !((int64_t) (((((int64_t) 1 << N) << N) - 1) * 2 + 1)
| 		 < (int64_t) (((((int64_t) 1 << N) << N) - 1) * 2 + 2))];
| test_array [0] = 0;
| return test_array [0];
| 
|   ;
|   return 0;
| }
configure:4487: result: yes
configure:4498: checking for pid_t
configure:4498: gcc -c -g -O2  conftest.c >&5
configure:4498: $? = 0
configure:4498: gcc -c -g -O2  conftest.c >&5
conftest.c: In function 'main':
conftest.c:71:20: error: expected expression before ')' token
 if (sizeof ((pid_t)))
                    ^
configure:4498: $? = 1
configure: failed program was:
| /* confdefs.h */
| #define PACKAGE_NAME "beanstalkd"
| #define PACKAGE_TARNAME "beanstalkd"
| #define PACKAGE_VERSION "1.0"
| #define PACKAGE_STRING "beanstalkd 1.0"
| #define PACKAGE_BUGREPORT ""
| #define PACKAGE_URL ""
| #define PACKAGE "beanstalkd"
| #define VERSION "1.0"
| #define STDC_HEADERS 1
| #define HAVE_SYS_TYPES_H 1
| #define HAVE_SYS_STAT_H 1
| #define HAVE_STDLIB_H 1
| #define HAVE_STRING_H 1
| #define HAVE_MEMORY_H 1
| #define HAVE_STRINGS_H 1
| #define HAVE_INTTYPES_H 1
| #define HAVE_STDINT_H 1
| #define HAVE_UNISTD_H 1
| #define HAVE_ARPA_INET_H 1
| #define HAVE_FCNTL_H 1
| #define HAVE_INTTYPES_H 1
| #define HAVE_LIMITS_H 1
| #define HAVE_NETDB_H 1
| #define HAVE_NETINET_IN_H 1
| #define HAVE_STDDEF_H 1
| #define HAVE_STDINT_H 1
| #define HAVE_STDLIB_H 1
| #define HAVE_STRING_H 1
| #define HAVE_SYS_SOCKET_H 1
| #define HAVE_SYS_TIME_H 1
| #define HAVE_UNISTD_H 1
| #define HAVE__BOOL 1
| /* end confdefs.h.  */
| #include <stdio.h>
| #ifdef HAVE_SYS_TYPES_H
| # include <sys/types.h>
| #endif
| #ifdef HAVE_SYS_STAT_H
| # include <sys/stat.h>
| #endif
| #ifdef STDC_HEADERS
| # include <stdlib.h>
| # include <stddef.h>
| #else
| # ifdef HAVE_STDLIB_H
| #  include <stdlib.h>
| # endif
| #endif
| #ifdef HAVE_STRING_H
| # if !defined STDC_HEADERS && defined HAVE_MEMORY_H
| #  include <memory.h>
| # endif
| # include <string.h>
| #endif
| #ifdef HAVE_STRINGS_H
| # include <strings.h>
| #endif
| #ifdef HAVE_INTTYPES_H
| # include <inttypes.h>
| #endif
| #ifdef HAVE_STDINT_H
| # include <stdint.h>
| #endif
| #ifdef HAVE_UNISTD_H
| # include <unistd.h>
| #endif
| int
| main ()
| {
| if (sizeof ((pid_t)))
| 	    return 0;
|   ;
|   return 0;
| }
configure:4498: result: yes
configure:4509: checking for size_t
configure:4509: gcc -c -g -O2  conftest.c >&5
configure:4509: $? = 0
configure:4509: gcc -c -g -O2  conftest.c >&5
conftest.c: In function 'main':
conftest.c:71:21: error: expected expression before ')' token
 if (sizeof ((size_t)))
                     ^
configure:4509: $? = 1
configure: failed program was:
| /* confdefs.h */
| #define PACKAGE_NAME "beanstalkd"
| #define PACKAGE_TARNAME "beanstalkd"
| #define PACKAGE_VERSION "1.0"
| #define PACKAGE_STRING "beanstalkd 1.0"
| #define PACKAGE_BUGREPORT ""
| #define PACKAGE_URL ""
| #define PACKAGE "beanstalkd"
| #define VERSION "1.0"
| #define STDC_HEADERS 1
| #define HAVE_SYS_TYPES_H 1
| #define HAVE_SYS_STAT_H 1
| #define HAVE_STDLIB_H 1
| #define HAVE_STRING_H 1
| #define HAVE_MEMORY_H 1
| #define HAVE_STRINGS_H 1
| #define HAVE_INTTYPES_H 1
| #define HAVE_STDINT_H 1
| #define HAVE_UNISTD_H 1
| #define HAVE_ARPA_INET_H 1
| #define HAVE_FCNTL_H 1
| #define HAVE_INTTYPES_H 1
| #define HAVE_LIMITS_H 1
| #define HAVE_NETDB_H 1
| #define HAVE_NETINET_IN_H 1
| #define HAVE_STDDEF_H 1
| #define HAVE_STDINT_H 1
| #define HAVE_STDLIB_H 1
| #define HAVE_STRING_H 1
| #define HAVE_SYS_SOCKET_H 1
| #define HAVE_SYS_TIME_H 1
| #define HAVE_UNISTD_H 1
| #define HAVE__BOOL 1
| /* end confdefs.h.  */
| #include <stdio.h>
| #ifdef HAVE_SYS_TYPES_H
| # include <sys/types.h>
| #endif
| #ifdef HAVE_SYS_STAT_H
| # include <sys/stat.h>
| #endif
| #ifdef STDC_HEADERS
| # include <stdlib.h>
| # include <stddef.h>
| #else
| # ifdef HAVE_STDLIB_H
| #  include <stdlib.h>
| # endif
| #endif
| #ifdef HAVE_STRING_H
| # if !defined STDC_HEADERS && defined HAVE_MEMORY_H
| #  include <memory.h>
| # endif
| # include <string.h>
| #endif
| #ifdef HAVE_STRINGS_H
| # include <strings.h>
| #endif
| #ifdef HAVE_INTTYPES_H
| # include <inttypes.h>
| #endif
| #ifdef HAVE_STDINT_H
| # include <stdint.h>
| #endif
| #ifdef HAVE_UNISTD_H
| # include <unistd.h>
| #endif
| int
| main ()
| {
| if (sizeof ((size_t)))
| 	    return 0;
|   ;
|   return 0;
| }
configure:4509: result: yes
configure:4520: checking for ssize_t
configure:4520: gcc -c -g -O2  conftest.c >&5
configure:4520: $? = 0
configure:4520: gcc -c -g -O2  conftest.c >&5
conftest.c: In function 'main':
conftest.c:71:22: error: expected expression before ')' token
 if (sizeof ((ssize_t)))
                      ^
configure:4520: $? = 1
configure: failed program was:
| /* confdefs.h */
| #define PACKAGE_NAME "beanstalkd"
| #define PACKAGE_TARNAME "beanstalkd"
| #define PACKAGE_VERSION "1.0"
| #define PACKAGE_STRING "beanstalkd 1.0"
| #define PACKAGE_BUGREPORT ""
| #define PACKAGE_URL ""
| #define PACKAGE "beanstalkd"
| #define VERSION "1.0"
| #define STDC_HEADERS 1
| #define HAVE_SYS_TYPES_H 1
| #define HAVE_SYS_STAT_H 1
| #define HAVE_STDLIB_H 1
| #define HAVE_STRING_H 1
| #define HAVE_MEMORY_H 1
| #define HAVE_STRINGS_H 1
| #define HAVE_INTTYPES_H 1
| #define HAVE_STDINT_H 1
| #define HAVE_UNISTD_H 1
| #define HAVE_ARPA_INET_H 1
| #define HAVE_FCNTL_H 1
| #define HAVE_INTTYPES_H 1
| #define HAVE_LIMITS_H 1
| #define HAVE_NETDB_H 1
| #define HAVE_NETINET_IN_H 1
| #define HAVE_STDDEF_H 1
| #define HAVE_STDINT_H 1
| #define HAVE_STDLIB_H 1
| #define HAVE_STRING_H 1
| #define HAVE_SYS_SOCKET_H 1
| #define HAVE_SYS_TIME_H 1
| #define HAVE_UNISTD_H 1
| #define HAVE__BOOL 1
| /* end confdefs.h.  */
| #include <stdio.h>
| #ifdef HAVE_SYS_TYPES_H
| # include <sys/types.h>
| #endif
| #ifdef HAVE_SYS_STAT_H
| # include <sys/stat.h>
| #endif
| #ifdef STDC_HEADERS
| # include <stdlib.h>
| # include <stddef.h>
| #else
| # ifdef HAVE_STDLIB_H
| #  include <stdlib.h>
| # endif
| #endif
| #ifdef HAVE_STRING_H
| # if !defined STDC_HEADERS && defined HAVE_MEMORY_H
| #  include <memory.h>
| # endif
| # include <string.h>
| #endif
| #ifdef HAVE_STRINGS_H
| # include <strings.h>
| #endif
| #ifdef HAVE_INTTYPES_H
| # include <inttypes.h>
| #endif
| #ifdef HAVE_STDINT_H
| # include <stdint.h>
| #endif
| #ifdef HAVE_UNISTD_H
| # include <unistd.h>
| #endif
| int
| main ()
| {
| if (sizeof ((ssize_t)))
| 	    return 0;
|   ;
|   return 0;
| }
configure:4520: result: yes
configure:4531: checking for uint16_t
configure:4531: gcc -c -g -O2  conftest.c >&5
configure:4531: $? = 0
configure:4531: result: yes
configure:4543: checking for uint32_t
configure:4543: gcc -c -g -O2  conftest.c >&5
configure:4543: $? = 0
configure:4543: result: yes
configure:4557: checking for uint64_t
configure:4557: gcc -c -g -O2  conftest.c >&5
configure:4557: $? = 0
configure:4557: result: yes
configure:4575: checking vfork.h usability
configure:4575: gcc -c -g -O2  conftest.c >&5
conftest.c:68:19: fatal error: vfork.h: No such file or directory
 #include <vfork.h>
                   ^
compilation terminated.
configure:4575: $? = 1
configure: failed program was:
| /* confdefs.h */
| #define PACKAGE_NAME "beanstalkd"
| #define PACKAGE_TARNAME "beanstalkd"
| #define PACKAGE_VERSION "1.0"
| #define PACKAGE_STRING "beanstalkd 1.0"
| #define PACKAGE_BUGREPORT ""
| #define PACKAGE_URL ""
| #define PACKAGE "beanstalkd"
| #define VERSION "1.0"
| #define STDC_HEADERS 1
| #define HAVE_SYS_TYPES_H 1
| #define HAVE_SYS_STAT_H 1
| #define HAVE_STDLIB_H 1
| #define HAVE_STRING_H 1
| #define HAVE_MEMORY_H 1
| #define HAVE_STRINGS_H 1
| #define HAVE_INTTYPES_H 1
| #define HAVE_STDINT_H 1
| #define HAVE_UNISTD_H 1
| #define HAVE_ARPA_INET_H 1
| #define HAVE_FCNTL_H 1
| #define HAVE_INTTYPES_H 1
| #define HAVE_LIMITS_H 1
| #define HAVE_NETDB_H 1
| #define HAVE_NETINET_IN_H 1
| #define HAVE_STDDEF_H 1
| #define HAVE_STDINT_H 1
| #define HAVE_STDLIB_H 1
| #define HAVE_STRING_H 1
| #define HAVE_SYS_SOCKET_H 1
| #define HAVE_SYS_TIME_H 1
| #define HAVE_UNISTD_H 1
| #define HAVE__BOOL 1
| /* end confdefs.h.  */
| #include <stdio.h>
| #ifdef HAVE_SYS_TYPES_H
| # include <sys/types.h>
| #endif
| #ifdef HAVE_SYS_STAT_H
| # include <sys/stat.h>
| #endif
| #ifdef STDC_HEADERS
| # include <stdlib.h>
| # include <stddef.h>
| #else
| # ifdef HAVE_STDLIB_H
| #  include <stdlib.h>
| # endif
| #endif
| #ifdef HAVE_STRING_H
| # if !defined STDC_HEADERS && defined HAVE_MEMORY_H
| #  include <memory.h>
| # endif
| # include <string.h>
| #endif
| #ifdef HAVE_STRINGS_H
| # include <strings.h>
| #endif
| #ifdef HAVE_INTTYPES_H
| # include <inttypes.h>
| #endif
| #ifdef HAVE_STDINT_H
| # include <stdint.h>
| #endif
| #ifdef HAVE_UNISTD_H
| # include <unistd.h>
| #endif
| #include <vfork.h>
configure:4575: result: no
configure:4575: checking vfork.h presence
configure:4575: gcc -E  conftest.c
conftest.c:35:19: fatal error: vfork.h: No such file or directory
 #include <vfork.h>
                   ^
compilation terminated.
configure:4575: $? = 1
configure: failed program was:
| /* confdefs.h */
| #define PACKAGE_NAME "beanstalkd"
| #define PACKAGE_TARNAME "beanstalkd"
| #define PACKAGE_VERSION "1.0"
| #define PACKAGE_STRING "beanstalkd 1.0"
| #define PACKAGE_BUGREPORT ""
| #define PACKAGE_URL ""
| #define PACKAGE "beanstalkd"
| #define VERSION "1.0"
| #define STDC_HEADERS 1
| #define HAVE_SYS_TYPES_H 1
| #define HAVE_SYS_STAT_H 1
| #define HAVE_STDLIB_H 1
| #define HAVE_STRING_H 1
| #define HAVE_MEMORY_H 1
| #define HAVE_STRINGS_H 1
| #define HAVE_INTTYPES_H 1
| #define HAVE_STDINT_H 1
| #define HAVE_UNISTD_H 1
| #define HAVE_ARPA_INET_H 1
| #define HAVE_FCNTL_H 1
| #define HAVE_INTTYPES_H 1
| #define HAVE_LIMITS_H 1
| #define HAVE_NETDB_H 1
| #define HAVE_NETINET_IN_H 1
| #define HAVE_STDDEF_H 1
| #define HAVE_STDINT_H 1
| #define HAVE_STDLIB_H 1
| #define HAVE_STRING_H 1
| #define HAVE_SYS_SOCKET_H 1
| #define HAVE_SYS_TIME_H 1
| #define HAVE_UNISTD_H 1
| #define HAVE__BOOL 1
| /* end confdefs.h.  */
| #include <vfork.h>
configure:4575: result: no
configure:4575: checking for vfork.h
configure:4575: result: no
configure:4588: checking for fork
configure:4588: gcc -o conftest.exe -g -O2   conftest.c  >&5
conftest.c:58:6: warning: conflicting types for built-in function 'fork'
 char fork ();
      ^
configure:4588: $? = 0
configure:4588: result: yes
configure:4588: checking for vfork
configure:4588: gcc -o conftest.exe -g -O2   conftest.c  >&5
configure:4588: $? = 0
configure:4588: result: yes
configure:4598: checking for working fork
configure:4620: gcc -o conftest.exe -g -O2   conftest.c  >&5
configure:4620: $? = 0
configure:4620: ./conftest.exe
configure:4620: $? = 0
configure:4630: result: yes
configure:4651: checking for working vfork
configure:4761: result: yes
configure:4786: checking whether lstat correctly handles trailing slash
configure:4812: gcc -o conftest.exe -g -O2   conftest.c  >&5
configure:4812: $? = 0
configure:4812: ./conftest.exe
configure:4812: $? = 0
configure:4829: result: yes
configure:4850: checking for stdlib.h
configure:4850: result: yes
configure:4860: checking for GNU libc compatible malloc
configure:4884: gcc -o conftest.exe -g -O2   conftest.c  >&5
configure:4884: $? = 0
configure:4884: ./conftest.exe
configure:4884: $? = 0
configure:4894: result: yes
configure:4915: checking for wait3 that fills in rusage
configure:4961: gcc -o conftest.exe -g -O2   conftest.c  >&5
configure:4961: $? = 0
configure:4961: ./conftest.exe
configure:4961: $? = 0
configure:4971: result: yes
configure:4982: checking for atexit
configure:4982: gcc -o conftest.exe -g -O2   conftest.c  >&5
configure:4982: $? = 0
configure:4982: result: yes
configure:4982: checking for clock_gettime
configure:4982: gcc -o conftest.exe -g -O2   conftest.c  >&5
configure:4982: $? = 0
configure:4982: result: yes
configure:4982: checking for dup2
configure:4982: gcc -o conftest.exe -g -O2   conftest.c  >&5
configure:4982: $? = 0
configure:4982: result: yes
configure:4982: checking for floor
configure:4982: gcc -o conftest.exe -g -O2   conftest.c  >&5
conftest.c:69:6: warning: conflicting types for built-in function 'floor'
 char floor ();
      ^
configure:4982: $? = 0
configure:4982: result: yes
configure:4982: checking for ftruncate
configure:4982: gcc -o conftest.exe -g -O2   conftest.c  >&5
configure:4982: $? = 0
configure:4982: result: yes
configure:4982: checking for gettimeofday
configure:4982: gcc -o conftest.exe -g -O2   conftest.c  >&5
configure:4982: $? = 0
configure:4982: result: yes
configure:4982: checking for memchr
configure:4982: gcc -o conftest.exe -g -O2   conftest.c  >&5
conftest.c:72:6: warning: conflicting types for built-in function 'memchr'
 char memchr ();
      ^
configure:4982: $? = 0
configure:4982: result: yes
configure:4982: checking for memmove
configure:4982: gcc -o conftest.exe -g -O2   conftest.c  >&5
conftest.c:73:6: warning: conflicting types for built-in function 'memmove'
 char memmove ();
      ^
configure:4982: $? = 0
configure:4982: result: yes
configure:4982: checking for memset
configure:4982: gcc -o conftest.exe -g -O2   conftest.c  >&5
conftest.c:74:6: warning: conflicting types for built-in function 'memset'
 char memset ();
      ^
configure:4982: $? = 0
configure:4982: result: yes
configure:4982: checking for mkdir
configure:4982: gcc -o conftest.exe -g -O2   conftest.c  >&5
configure:4982: $? = 0
configure:4982: result: yes
configure:4982: checking for rmdir
configure:4982: gcc -o conftest.exe -g -O2   conftest.c  >&5
configure:4982: $? = 0
configure:4982: result: yes
configure:4982: checking for select
configure:4982: gcc -o conftest.exe -g -O2   conftest.c  >&5
configure:4982: $? = 0
configure:4982: result: yes
configure:4982: checking for socket
configure:4982: gcc -o conftest.exe -g -O2   conftest.c  >&5
configure:4982: $? = 0
configure:4982: result: yes
configure:4982: checking for strerror
configure:4982: gcc -o conftest.exe -g -O2   conftest.c  >&5
configure:4982: $? = 0
configure:4982: result: yes
configure:4982: checking for strspn
configure:4982: gcc -o conftest.exe -g -O2   conftest.c  >&5
conftest.c:80:6: warning: conflicting types for built-in function 'strspn'
 char strspn ();
      ^
configure:4982: $? = 0
configure:4982: result: yes
configure:4982: checking for strstr
configure:4982: gcc -o conftest.exe -g -O2   conftest.c  >&5
conftest.c:81:6: warning: conflicting types for built-in function 'strstr'
 char strstr ();
      ^
configure:4982: $? = 0
configure:4982: result: yes
configure:4982: checking for strtol
configure:4982: gcc -o conftest.exe -g -O2   conftest.c  >&5
configure:4982: $? = 0
configure:4982: result: yes
configure:4982: checking for strtoul
configure:4982: gcc -o conftest.exe -g -O2   conftest.c  >&5
configure:4982: $? = 0
configure:4982: result: yes
configure:4982: checking for strtoull
configure:4982: gcc -o conftest.exe -g -O2   conftest.c  >&5
configure:4982: $? = 0
configure:4982: result: yes
configure:4982: checking for uname
configure:4982: gcc -o conftest.exe -g -O2   conftest.c  >&5
configure:4982: $? = 0
configure:4982: result: yes
configure:4982: checking for kqueue
configure:4982: gcc -o conftest.exe -g -O2   conftest.c  >&5
/tmp/ccRo4YVl.o: In function `main':
/cygdrive/f/beanstalkd-git/conftest.c:97: undefined reference to `kqueue'
/cygdrive/f/beanstalkd-git/conftest.c:97:(.text.startup+0xa): relocation truncated to fit: R_X86_64_PC32 against undefined symbol `kqueue'
collect2: error: ld returned 1 exit status
configure:4982: $? = 1
configure: failed program was:
| /* confdefs.h */
| #define PACKAGE_NAME "beanstalkd"
| #define PACKAGE_TARNAME "beanstalkd"
| #define PACKAGE_VERSION "1.0"
| #define PACKAGE_STRING "beanstalkd 1.0"
| #define PACKAGE_BUGREPORT ""
| #define PACKAGE_URL ""
| #define PACKAGE "beanstalkd"
| #define VERSION "1.0"
| #define STDC_HEADERS 1
| #define HAVE_SYS_TYPES_H 1
| #define HAVE_SYS_STAT_H 1
| #define HAVE_STDLIB_H 1
| #define HAVE_STRING_H 1
| #define HAVE_MEMORY_H 1
| #define HAVE_STRINGS_H 1
| #define HAVE_INTTYPES_H 1
| #define HAVE_STDINT_H 1
| #define HAVE_UNISTD_H 1
| #define HAVE_ARPA_INET_H 1
| #define HAVE_FCNTL_H 1
| #define HAVE_INTTYPES_H 1
| #define HAVE_LIMITS_H 1
| #define HAVE_NETDB_H 1
| #define HAVE_NETINET_IN_H 1
| #define HAVE_STDDEF_H 1
| #define HAVE_STDINT_H 1
| #define HAVE_STDLIB_H 1
| #define HAVE_STRING_H 1
| #define HAVE_SYS_SOCKET_H 1
| #define HAVE_SYS_TIME_H 1
| #define HAVE_UNISTD_H 1
| #define HAVE__BOOL 1
| #define HAVE_FORK 1
| #define HAVE_VFORK 1
| #define HAVE_WORKING_VFORK 1
| #define HAVE_WORKING_FORK 1
| #define LSTAT_FOLLOWS_SLASHED_SYMLINK 1
| #define HAVE_STDLIB_H 1
| #define HAVE_MALLOC 1
| #define HAVE_WAIT3 1
| #define HAVE_ATEXIT 1
| #define HAVE_CLOCK_GETTIME 1
| #define HAVE_DUP2 1
| #define HAVE_FLOOR 1
| #define HAVE_FTRUNCATE 1
| #define HAVE_GETTIMEOFDAY 1
| #define HAVE_MEMCHR 1
| #define HAVE_MEMMOVE 1
| #define HAVE_MEMSET 1
| #define HAVE_MKDIR 1
| #define HAVE_RMDIR 1
| #define HAVE_SELECT 1
| #define HAVE_SOCKET 1
| #define HAVE_STRERROR 1
| #define HAVE_STRSPN 1
| #define HAVE_STRSTR 1
| #define HAVE_STRTOL 1
| #define HAVE_STRTOUL 1
| #define HAVE_STRTOULL 1
| #define HAVE_UNAME 1
| /* end confdefs.h.  */
| /* Define kqueue to an innocuous variant, in case <limits.h> declares kqueue.
|    For example, HP-UX 11i <limits.h> declares gettimeofday.  */
| #define kqueue innocuous_kqueue
| 
| /* System header to define __stub macros and hopefully few prototypes,
|     which can conflict with char kqueue (); below.
|     Prefer <limits.h> to <assert.h> if __STDC__ is defined, since
|     <limits.h> exists even on freestanding compilers.  */
| 
| #ifdef __STDC__
| # include <limits.h>
| #else
| # include <assert.h>
| #endif
| 
| #undef kqueue
| 
| /* Override any GCC internal prototype to avoid an error.
|    Use char because int might match the return type of a GCC
|    builtin and then its argument prototype would still apply.  */
| #ifdef __cplusplus
| extern "C"
| #endif
| char kqueue ();
| /* The GNU C library defines this for functions which it implements
|     to always fail with ENOSYS.  Some functions are actually named
|     something starting with __ and the normal name is an alias.  */
| #if defined __stub_kqueue || defined __stub___kqueue
| choke me
| #endif
| 
| int
| main ()
| {
| return kqueue ();
|   ;
|   return 0;
| }
configure:4982: result: no
configure:5103: checking that generated files are newer than configure
configure:5109: result: done
configure:5132: creating ./config.status

## ---------------------- ##
## Running config.status. ##
## ---------------------- ##

This file was extended by beanstalkd config.status 1.0, which was
generated by GNU Autoconf 2.69.  Invocation command line was

  CONFIG_FILES    = 
  CONFIG_HEADERS  = 
  CONFIG_LINKS    = 
  CONFIG_COMMANDS = 
  $ ./config.status 

on Cx-201403282213

config.status:894: creating Makefile
config.status:894: creating config.h
config.status:1075: config.h is unchanged
config.status:1123: executing depfiles commands

## ---------------- ##
## Cache variables. ##
## ---------------- ##

ac_cv_c_compiler_gnu=yes
ac_cv_c_int32_t=yes
ac_cv_c_int64_t=yes
ac_cv_c_uint16_t=yes
ac_cv_c_uint32_t=yes
ac_cv_c_uint64_t=yes
ac_cv_env_CC_set=
ac_cv_env_CC_value=
ac_cv_env_CFLAGS_set=
ac_cv_env_CFLAGS_value=
ac_cv_env_CPPFLAGS_set=
ac_cv_env_CPPFLAGS_value=
ac_cv_env_CPP_set=
ac_cv_env_CPP_value=
ac_cv_env_LDFLAGS_set=
ac_cv_env_LDFLAGS_value=
ac_cv_env_LIBS_set=
ac_cv_env_LIBS_value=
ac_cv_env_build_alias_set=
ac_cv_env_build_alias_value=
ac_cv_env_host_alias_set=
ac_cv_env_host_alias_value=
ac_cv_env_target_alias_set=
ac_cv_env_target_alias_value=
ac_cv_exeext=.exe
ac_cv_func_atexit=yes
ac_cv_func_clock_gettime=yes
ac_cv_func_dup2=yes
ac_cv_func_floor=yes
ac_cv_func_fork=yes
ac_cv_func_fork_works=yes
ac_cv_func_ftruncate=yes
ac_cv_func_gettimeofday=yes
ac_cv_func_kqueue=no
ac_cv_func_lstat_dereferences_slashed_symlink=yes
ac_cv_func_malloc_0_nonnull=yes
ac_cv_func_memchr=yes
ac_cv_func_memmove=yes
ac_cv_func_memset=yes
ac_cv_func_mkdir=yes
ac_cv_func_rmdir=yes
ac_cv_func_select=yes
ac_cv_func_socket=yes
ac_cv_func_strerror=yes
ac_cv_func_strspn=yes
ac_cv_func_strstr=yes
ac_cv_func_strtol=yes
ac_cv_func_strtoul=yes
ac_cv_func_strtoull=yes
ac_cv_func_uname=yes
ac_cv_func_vfork=yes
ac_cv_func_vfork_works=yes
ac_cv_func_wait3_rusage=yes
ac_cv_header_arpa_inet_h=yes
ac_cv_header_fcntl_h=yes
ac_cv_header_inttypes_h=yes
ac_cv_header_limits_h=yes
ac_cv_header_memory_h=yes
ac_cv_header_netdb_h=yes
ac_cv_header_netinet_in_h=yes
ac_cv_header_stdbool_h=yes
ac_cv_header_stdc=yes
ac_cv_header_stddef_h=yes
ac_cv_header_stdint_h=yes
ac_cv_header_stdlib_h=yes
ac_cv_header_string_h=yes
ac_cv_header_strings_h=yes
ac_cv_header_sys_=no
ac_cv_header_sys_socket_h=yes
ac_cv_header_sys_stat_h=yes
ac_cv_header_sys_time_h=yes
ac_cv_header_sys_types_h=yes
ac_cv_header_unistd_h=yes
ac_cv_header_vfork_h=no
ac_cv_objext=o
ac_cv_path_EGREP='/usr/bin/grep -E'
ac_cv_path_GREP=/usr/bin/grep
ac_cv_path_install='/usr/bin/install -c'
ac_cv_path_mkdir=/usr/bin/mkdir
ac_cv_prog_AWK=gawk
ac_cv_prog_CPP='gcc -E'
ac_cv_prog_ac_ct_CC=gcc
ac_cv_prog_cc_c89=
ac_cv_prog_cc_g=yes
ac_cv_prog_make_make_set=yes
ac_cv_type__Bool=yes
ac_cv_type_pid_t=yes
ac_cv_type_size_t=yes
ac_cv_type_ssize_t=yes
am_cv_CC_dependencies_compiler_type=none
am_cv_make_support_nested_variables=yes
am_cv_prog_cc_c_o=yes

## ----------------- ##
## Output variables. ##
## ----------------- ##

ACLOCAL='aclocal-1.14'
AMDEPBACKSLASH='\'
AMDEP_FALSE='#'
AMDEP_TRUE=''
AMTAR='$${TAR-tar}'
AM_BACKSLASH='\'
AM_DEFAULT_V='$(AM_DEFAULT_VERBOSITY)'
AM_DEFAULT_VERBOSITY='1'
AM_V='$(V)'
AUTOCONF='autoconf'
AUTOHEADER='autoheader'
AUTOMAKE='automake-1.14'
AWK='gawk'
CC='gcc'
CCDEPMODE='depmode=none'
CFLAGS='-g -O2'
CPP='gcc -E'
CPPFLAGS=''
CYGPATH_W='cygpath -w'
DEFS='-DHAVE_CONFIG_H'
DEPDIR='.deps'
ECHO_C=''
ECHO_N='-n'
ECHO_T=''
EGREP='/usr/bin/grep -E'
EXEEXT='.exe'
GREP='/usr/bin/grep'
INSTALL_DATA='${INSTALL} -m 644'
INSTALL_PROGRAM='${INSTALL}'
INSTALL_SCRIPT='${INSTALL}'
INSTALL_STRIP_PROGRAM='$(install_sh) -c -s'
LDFLAGS=''
LIBOBJS=''
LIBS=''
LTLIBOBJS=''
MAKEINFO='makeinfo'
MKDIR_P='/usr/bin/mkdir -p'
OBJEXT='o'
PACKAGE='beanstalkd'
PACKAGE_BUGREPORT=''
PACKAGE_NAME='beanstalkd'
PACKAGE_STRING='beanstalkd 1.0'
PACKAGE_TARNAME='beanstalkd'
PACKAGE_URL=''
PACKAGE_VERSION='1.0'
PATH_SEPARATOR=':'
SET_MAKE=''
SHELL='/bin/sh'
STRIP=''
VERSION='1.0'
ac_ct_CC='gcc'
am__EXEEXT_FALSE='#'
am__EXEEXT_TRUE=''
am__fastdepCC_FALSE=''
am__fastdepCC_TRUE='#'
am__include='include'
am__isrc=''
am__leading_dot='.'
am__nodep='_no'
am__quote=''
am__tar='$${TAR-tar} chof - "$$tardir"'
am__untar='$${TAR-tar} xf -'
bindir='${exec_prefix}/bin'
build_alias=''
datadir='${datarootdir}'
datarootdir='${prefix}/share'
docdir='${datarootdir}/doc/${PACKAGE_TARNAME}'
dvidir='${docdir}'
exec_prefix='${prefix}'
host_alias=''
htmldir='${docdir}'
includedir='${prefix}/include'
infodir='${datarootdir}/info'
install_sh='${SHELL} /cygdrive/f/beanstalkd-git/install-sh'
libdir='${exec_prefix}/lib'
libexecdir='${exec_prefix}/libexec'
localedir='${datarootdir}/locale'
localstatedir='${prefix}/var'
mandir='${datarootdir}/man'
mkdir_p='$(MKDIR_P)'
oldincludedir='/usr/include'
pdfdir='${docdir}'
prefix='/usr/local'
program_transform_name='s,x,x,'
psdir='${docdir}'
sbindir='${exec_prefix}/sbin'
sharedstatedir='${prefix}/com'
sysconfdir='${prefix}/etc'
target_alias=''

## ----------- ##
## confdefs.h. ##
## ----------- ##

/* confdefs.h */
#define PACKAGE_NAME "beanstalkd"
#define PACKAGE_TARNAME "beanstalkd"
#define PACKAGE_VERSION "1.0"
#define PACKAGE_STRING "beanstalkd 1.0"
#define PACKAGE_BUGREPORT ""
#define PACKAGE_URL ""
#define PACKAGE "beanstalkd"
#define VERSION "1.0"
#define STDC_HEADERS 1
#define HAVE_SYS_TYPES_H 1
#define HAVE_SYS_STAT_H 1
#define HAVE_STDLIB_H 1
#define HAVE_STRING_H 1
#define HAVE_MEMORY_H 1
#define HAVE_STRINGS_H 1
#define HAVE_INTTYPES_H 1
#define HAVE_STDINT_H 1
#define HAVE_UNISTD_H 1
#define HAVE_ARPA_INET_H 1
#define HAVE_FCNTL_H 1
#define HAVE_INTTYPES_H 1
#define HAVE_LIMITS_H 1
#define HAVE_NETDB_H 1
#define HAVE_NETINET_IN_H 1
#define HAVE_STDDEF_H 1
#define HAVE_STDINT_H 1
#define HAVE_STDLIB_H 1
#define HAVE_STRING_H 1
#define HAVE_SYS_SOCKET_H 1
#define HAVE_SYS_TIME_H 1
#define HAVE_UNISTD_H 1
#define HAVE__BOOL 1
#define HAVE_FORK 1
#define HAVE_VFORK 1
#define HAVE_WORKING_VFORK 1
#define HAVE_WORKING_FORK 1
#define LSTAT_FOLLOWS_SLASHED_SYMLINK 1
#define HAVE_STDLIB_H 1
#define HAVE_MALLOC 1
#define HAVE_WAIT3 1
#define HAVE_ATEXIT 1
#define HAVE_CLOCK_GETTIME 1
#define HAVE_DUP2 1
#define HAVE_FLOOR 1
#define HAVE_FTRUNCATE 1
#define HAVE_GETTIMEOFDAY 1
#define HAVE_MEMCHR 1
#define HAVE_MEMMOVE 1
#define HAVE_MEMSET 1
#define HAVE_MKDIR 1
#define HAVE_RMDIR 1
#define HAVE_SELECT 1
#define HAVE_SOCKET 1
#define HAVE_STRERROR 1
#define HAVE_STRSPN 1
#define HAVE_STRSTR 1
#define HAVE_STRTOL 1
#define HAVE_STRTOUL 1
#define HAVE_STRTOULL 1
#define HAVE_UNAME 1

configure: exit 0

## ---------------------- ##
## Running config.status. ##
## ---------------------- ##

This file was extended by beanstalkd config.status 1.0, which was
generated by GNU Autoconf 2.69.  Invocation command line was

  CONFIG_FILES    = 
  CONFIG_HEADERS  = 
  CONFIG_LINKS    = 
  CONFIG_COMMANDS = 
  $ ./config.status 

on Cx-201403282213

config.status:894: creating Makefile
config.status:894: creating config.h
config.status:1075: config.h is unchanged
config.status:1123: executing depfiles commands
